<?xml version="1.0" encoding="UTF-8"?>
<testsuites name="TS_Salesforce New" time="62.949" tests="1" failures="0" errors="0">
   <testsuite name="TS_Salesforce New" tests="1" failures="0" errors="0" time="62.949" skipped="0" timestamp="2023-03-16 20:28:08" hostname="mohit - 192.168.1.102" id="Test Suites/TS_Salesforce New">
      <properties>
         <property name="deviceName" value=""/>
         <property name="devicePlatform" value=""/>
         <property name="logFolder" value="/Users/mohit/git/salesforce-katalon-sample/Reports/20230316_202755/TS_Salesforce New/20230316_202755"/>
         <property name="logFiles" value="/Users/mohit/git/salesforce-katalon-sample/Reports/20230316_202755/TS_Salesforce New/20230316_202755/execution0.log"/>
         <property name="attachments" value=""/>
         <property name="hostName" value="mohit - 192.168.1.102"/>
         <property name="os" value="Mac OS X 64bit"/>
         <property name="katalonVersion" value="8.5.5.208"/>
         <property name="browser" value="Chrome 111.0.0.0"/>
         <property name="hostAddress" value="192.168.1.102"/>
         <property name="sessionId" value="95997ed565064ce9a8ebaa1809e95f75"/>
         <property name="seleniumVersion" value="3.141.59"/>
         <property name="proxyInformation" value="ProxyInformation { proxyOption=NO_PROXY, proxyServerType=HTTP, username=, password=********, proxyServerAddress=, proxyServerPort=0, executionList=&quot;&quot;, isApplyToDesiredCapabilities=true }"/>
         <property name="platform" value="Mac OS X"/>
      </properties>
      <testcase name="Test Cases/TC_Salesforce New/RecallTest/SetupTeardown/Login into Salesforce" time="62.749" classname="Test Cases/TC_Salesforce New/RecallTest/SetupTeardown/Login into Salesforce" status="PASSED">
         <system-out><![CDATA[2023-03-16 20:28:08 - [TEST_CASE][PASSED] - Test Cases/TC_Salesforce New/RecallTest/SetupTeardown/Login into Salesforce: Test Cases/TC_Salesforce New/RecallTest/SetupTeardown/Login into Salesforce

2023-03-16 20:28:08 - [TEST_STEP][PASSED] - Start listener action : sampleBeforeTestCase3: null

2023-03-16 20:28:08 - [TEST_STEP][PASSED] - if (SKIP_REMAINING_TESTS == true): null

2023-03-16 20:28:08 - [TEST_STEP][PASSED] - Start listener action : enableSauceLabs: [SAUCELABS] Saucelabs Plugin will not attempt to auto update job status and information !

2023-03-16 20:28:08 - [MESSAGE][INFO] - [SAUCELABS] Current run configuration: Chrome

2023-03-16 20:28:08 - [MESSAGE][INFO] - [SAUCELABS] Saucelabs Plugin will not attempt to auto update job status and information !

2023-03-16 20:28:08 - [TEST_STEP][PASSED] - openBrowser(""): Browser is opened with url: ''

2023-03-16 20:28:08 - [MESSAGE][INFO] - Starting 'Chrome' driver

2023-03-16 20:28:08 - [MESSAGE][INFO] - User set preference: ['args', '[--disable-notifications]']

2023-03-16 20:28:08 - [MESSAGE][INFO] - Action delay is set to 5,000 milliseconds

2023-03-16 20:28:11 - [MESSAGE][PASSED] - Browser is opened with url: ''

2023-03-16 20:28:11 - [TEST_STEP][PASSED] - webKeywords.ApplicationFunction.enhanced_SetViewportSize(2650, 1400): webKeywords.ApplicationFunction.enhanced_SetViewportSize is PASSED

2023-03-16 20:28:11 - [MESSAGE][PASSED] - Execute JavaScript 'return (window.innerWidth || 0)' successfully

2023-03-16 20:28:11 - [MESSAGE][PASSED] - Execute JavaScript 'return (window.innerHeight || 0)' successfully

2023-03-16 20:28:11 - [MESSAGE][PASSED] - Execute JavaScript 'return (window.devicePixelRatio || 1)' successfully

2023-03-16 20:28:12 - [MESSAGE][PASSED] - Viewport is set to new size with width = 1325 and height = 824

2023-03-16 20:28:12 - [MESSAGE][PASSED] - webKeywords.ApplicationFunction.enhanced_SetViewportSize is PASSED

2023-03-16 20:28:12 - [TEST_STEP][PASSED] - navigateToUrl(APP_URL): Navigate to 'https://katalon-inc--demo.sandbox.my.salesforce.com/' successfully

2023-03-16 20:28:20 - [MESSAGE][PASSED] - Navigate to 'https://katalon-inc--demo.sandbox.my.salesforce.com/' successfully

2023-03-16 20:28:20 - [TEST_STEP][PASSED] - setText(findTestObject("Object Repository/OR_Salesforce New/Page_Login  Salesforce/input_Username_username"), USERNAME): Text 'mohit.kumar@katalon.com' is set on object 'Object Repository/OR_Salesforce New/Page_Login  Salesforce/input_Username_username'

2023-03-16 20:28:31 - [MESSAGE][PASSED] - Text 'mohit.kumar@katalon.com' is set on object 'Object Repository/OR_Salesforce New/Page_Login  Salesforce/input_Username_username'

2023-03-16 20:28:31 - [TEST_STEP][PASSED] - setEncryptedText(findTestObject("Object Repository/OR_Salesforce New/Page_Login  Salesforce/input_Password_pw"), PASSWORD): Text ****** has been set on object 'Object Repository/OR_Salesforce New/Page_Login  Salesforce/input_Password_pw'

2023-03-16 20:28:42 - [MESSAGE][PASSED] - Text ****** has been set on object 'Object Repository/OR_Salesforce New/Page_Login  Salesforce/input_Password_pw'

2023-03-16 20:28:42 - [TEST_STEP][PASSED] - click(findTestObject("Object Repository/OR_Salesforce New/Page_Login  Salesforce/input_Password_Login")): Object: 'Object Repository/OR_Salesforce New/Page_Login  Salesforce/input_Password_Login' is clicked on

2023-03-16 20:28:52 - [MESSAGE][PASSED] - Object: 'Object Repository/OR_Salesforce New/Page_Login  Salesforce/input_Password_Login' is clicked on

2023-03-16 20:28:52 - [TEST_STEP][PASSED] - waitForElementPresent(findTestObject("Object Repository/OR_Salesforce New/Page_Home  Salesforce/span_Sales Manager"), 10): Object 'Object Repository/OR_Salesforce New/Page_Home  Salesforce/span_Sales Manager' is present

2023-03-16 20:29:10 - [MESSAGE][PASSED] - Object 'Object Repository/OR_Salesforce New/Page_Home  Salesforce/span_Sales Manager' is present

2023-03-16 20:29:10 - [TEST_STEP][PASSED] - Start listener action : sampleAfterTestCase2: null

2023-03-16 20:29:10 - [TEST_STEP][PASSED] - if (testCaseStatus == "FAILED"): null

2023-03-16 20:29:10 - [TEST_STEP][PASSED] - Start listener action : autoUpdateJobStatus: [SAUCELABS] Current run configuration: Chrome

2023-03-16 20:29:10 - [MESSAGE][INFO] - [SAUCELABS] Current run configuration: Chrome]]></system-out>
         <system-err><![CDATA[]]></system-err>
      </testcase>
      <system-out><![CDATA[2023-03-16 20:28:08 - [TEST_SUITE][PASSED] - TS_Salesforce New: Test Cases/TC_Salesforce New/RecallTest/SetupTeardown/Login into Salesforce]]></system-out>
      <system-err><![CDATA[]]></system-err>
   </testsuite>
</testsuites>
